[Binding]Error in binding to 'Avalonia.Controls.TextBlock'.'Text': 'Null value in expression '{empty}' at 'SelectedLibraryItem'.'(TextBlock #64854219)
[Binding]Error in binding to 'Avalonia.Controls.TextBlock'.'Text': 'Null value in expression '{empty}' at 'SelectedLibraryItem'.'(TextBlock #18700393)
[DIAG] MainWindow.DataContext = OpenBroadcaster.Avalonia.ViewModels.MainWindowViewModel
[DIAG] DC Prop: PlayCommand (System.Windows.Input.ICommand)
[DIAG] DC Prop: StopCommand (System.Windows.Input.ICommand)
[DIAG] DC Prop: DeckPlayCommand (System.Windows.Input.ICommand)
[DIAG] DC Prop: DeckStopCommand (System.Windows.Input.ICommand)
[DIAG] DC Prop: DeckNextCommand (System.Windows.Input.ICommand)
[DIAG] DC Prop: AddToQueueCommand (System.Windows.Input.ICommand)
[DIAG] DC Prop: RemoveQueueItemCommand (System.Windows.Input.ICommand)
[DIAG] DC Prop: ShuffleQueueCommand (System.Windows.Input.ICommand)
[DIAG] DC Prop: ClearQueueCommand (System.Windows.Input.ICommand)
[DIAG] DC Prop: TriggerCartCommand (System.Windows.Input.ICommand)
[DIAG] DC Prop: AssignPadCommand (System.Windows.Input.ICommand)
[DIAG] DC Prop: ClearPadCommand (System.Windows.Input.ICommand)
[DIAG] DC Prop: ManageCategoriesCommand (System.Windows.Input.ICommand)
[DIAG] DC Prop: ImportTracksCommand (System.Windows.Input.ICommand)
[DIAG] DC Prop: ImportFolderCommand (System.Windows.Input.ICommand)
[DIAG] DC Prop: OpenAboutDialogCommand (System.Windows.Input.ICommand)
[DIAG] DC Prop: OpenAppSettingsCommand (System.Windows.Input.ICommand)
[DIAG] DC Prop: AssignCategoriesCommand (System.Windows.Input.ICommand)
[DIAG] DC Prop: DeckA (OpenBroadcaster.Avalonia.ViewModels.DeckViewModel)
[DIAG] DC Prop: DeckB (OpenBroadcaster.Avalonia.ViewModels.DeckViewModel)
[DIAG] DC Prop: QueueItems (System.Collections.ObjectModel.ReadOnlyObservableCollection`1[[OpenBroadcaster.Avalonia.ViewModels.QueueItemViewModel, OpenBroadcaster.Avalonia, Version=0.0.0.0, Culture=neutral, PublicKeyToken=null]])
[DIAG] DC Prop: LibraryItems (System.Collections.ObjectModel.ReadOnlyObservableCollection`1[[OpenBroadcaster.Avalonia.ViewModels.LibraryItemViewModel, OpenBroadcaster.Avalonia, Version=0.0.0.0, Culture=neutral, PublicKeyToken=null]])
[DIAG] DC Prop: CartPads (System.Collections.ObjectModel.ReadOnlyObservableCollection`1[[OpenBroadcaster.Core.Models.CartPad, OpenBroadcaster.Core, Version=0.0.0.0, Culture=neutral, PublicKeyToken=null]])
[DIAG] DC Prop: SelectedQueueItem (OpenBroadcaster.Avalonia.ViewModels.QueueItemViewModel)
[DIAG] DC Prop: SelectedLibraryItem (OpenBroadcaster.Avalonia.ViewModels.LibraryItemViewModel)
[DIAG] DC Prop: SelectedLibraryItemArt (Avalonia.Media.Imaging.Bitmap)
[DIAG] DC Prop: NowPlaying (System.String)
[DIAG] DC Prop: LibrarySearchText (System.String)
[DIAG] DC Prop: LibraryCategories (System.Collections.ObjectModel.ObservableCollection`1[[OpenBroadcaster.Core.Models.LibraryCategory, OpenBroadcaster.Core, Version=0.0.0.0, Culture=neutral, PublicKeyToken=null]])
[DIAG] DC Prop: SelectedLibraryCategory (OpenBroadcaster.Core.Models.LibraryCategory)
[DIAG] DC Prop: LibraryStatusMessage (System.String)
[DIAG] DC Prop: TwitchChatFontSize (System.Double)
[DIAG] DC Prop: ChatMessages (System.Collections.ObjectModel.ObservableCollection`1[[OpenBroadcaster.Avalonia.ViewModels.ChatMessageViewModel, OpenBroadcaster.Avalonia, Version=0.0.0.0, Culture=neutral, PublicKeyToken=null]])
[DIAG] DC Prop: TwitchChatEnabled (System.Boolean)
[DIAG] DC Prop: AutoDjEnabled (System.Boolean)
[DIAG] DC Prop: AutoDjStatusMessage (System.String)
[DIAG] DC Prop: MicEnabled (System.Boolean)
[DIAG] DC Prop: MicVolume (System.Int32)
[DIAG] DC Prop: MasterVolume (System.Int32)
[DIAG] DC Prop: CartWallVolume (System.Int32)
[DIAG] DC Prop: EncoderVolume (System.Int32)
[DIAG] DC Prop: ProgramVuPercent (System.Double)
[DIAG] DC Prop: EncoderVuPercent (System.Double)
[DIAG] DC Prop: MicVuPercent (System.Double)
[DIAG] DC Prop: CartVuPercent (System.Double)
[Binding]Error in binding to 'Avalonia.Controls.MenuItem'.'Command': 'Could not find a matching property accessor for 'AssignPadCommand' on 'OpenBroadcaster.Core.Models.CartPad''(MenuItem #38079613)
[Binding]Error in binding to 'Avalonia.Controls.MenuItem'.'Command': 'Could not find a matching property accessor for 'ClearPadCommand' on 'OpenBroadcaster.Core.Models.CartPad''(MenuItem #7172200)
[Binding]Error in binding to 'Avalonia.Controls.MenuItem'.'Command': 'Null value in expression '{empty}' at ''.'(MenuItem #38079613)
[Binding]Error in binding to 'Avalonia.Controls.MenuItem'.'Command': 'Null value in expression '{empty}' at ''.'(MenuItem #7172200)
[Binding]Error in binding to 'Avalonia.Animation.AnimatorKeyFrame'.'Value': 'Null value in expression '{empty}' at '$parent[ProgressBar, 0]'.'(AnimatorKeyFrame #2586631)
[Binding]Error in binding to 'Avalonia.Animation.AnimatorKeyFrame'.'Value': 'Null value in expression '{empty}' at '$parent[ProgressBar, 0]'.'(AnimatorKeyFrame #23279683)
[Binding]Error in binding to 'Avalonia.Animation.AnimatorKeyFrame'.'Value': 'Null value in expression '{empty}' at '$parent[ProgressBar, 0]'.'(AnimatorKeyFrame #8190559)
[Binding]Error in binding to 'Avalonia.Animation.AnimatorKeyFrame'.'Value': 'Null value in expression '{empty}' at '$parent[ProgressBar, 0]'.'(AnimatorKeyFrame #6606172)
[Binding]Error in binding to 'Avalonia.Animation.AnimatorKeyFrame'.'Value': 'Null value in expression '{empty}' at '$parent[ProgressBar, 0]'.'(AnimatorKeyFrame #59455556)
[Binding]Error in binding to 'Avalonia.Animation.AnimatorKeyFrame'.'Value': 'Null value in expression '{empty}' at '$parent[ProgressBar, 0]'.'(AnimatorKeyFrame #65337958)
[Binding]Error in binding to 'Avalonia.Animation.AnimatorKeyFrame'.'Value': 'Null value in expression '{empty}' at '$parent[ProgressBar, 0]'.'(AnimatorKeyFrame #51170717)
[Binding]Error in binding to 'Avalonia.Animation.AnimatorKeyFrame'.'Value': 'Null value in expression '{empty}' at '$parent[ProgressBar, 0]'.'(AnimatorKeyFrame #57883273)
[Binding]Error in binding to 'Avalonia.Animation.AnimatorKeyFrame'.'Value': 'Null value in expression '{empty}' at '$parent[ProgressBar, 0]'.'(AnimatorKeyFrame #51187411)
[Binding]Error in binding to 'Avalonia.Animation.AnimatorKeyFrame'.'Value': 'Null value in expression '{empty}' at '$parent[ProgressBar, 0]'.'(AnimatorKeyFrame #58033516)
[Binding]Error in binding to 'Avalonia.Animation.AnimatorKeyFrame'.'Value': 'Null value in expression '{empty}' at '$parent[ProgressBar, 0]'.'(AnimatorKeyFrame #52539597)
[Binding]Error in binding to 'Avalonia.Animation.AnimatorKeyFrame'.'Value': 'Null value in expression '{empty}' at '$parent[ProgressBar, 0]'.'(AnimatorKeyFrame #3094327)
[Binding]Error in binding to 'Avalonia.Animation.AnimatorKeyFrame'.'Value': 'Null value in expression '{empty}' at '$parent[ProgressBar, 0]'.'(AnimatorKeyFrame #27848947)
[Binding]Error in binding to 'Avalonia.Animation.AnimatorKeyFrame'.'Value': 'Null value in expression '{empty}' at '$parent[ProgressBar, 0]'.'(AnimatorKeyFrame #49313939)
[Binding]Error in binding to 'Avalonia.Animation.AnimatorKeyFrame'.'Value': 'Null value in expression '{empty}' at '$parent[ProgressBar, 0]'.'(AnimatorKeyFrame #41172271)
[Binding]Error in binding to 'Avalonia.Animation.AnimatorKeyFrame'.'Value': 'Null value in expression '{empty}' at '$parent[ProgressBar, 0]'.'(AnimatorKeyFrame #35006119)
[Binding]Error in binding to 'Avalonia.Animation.AnimatorKeyFrame'.'Value': 'Null value in expression '{empty}' at '$parent[ProgressBar, 0]'.'(AnimatorKeyFrame #46619622)
[Binding]Error in binding to 'Avalonia.Animation.AnimatorKeyFrame'.'Value': 'Null value in expression '{empty}' at '$parent[ProgressBar, 0]'.'(AnimatorKeyFrame #16923420)
[Binding]Error in binding to 'Avalonia.Animation.AnimatorKeyFrame'.'Value': 'Null value in expression '{empty}' at '$parent[ProgressBar, 0]'.'(AnimatorKeyFrame #18093058)
[Binding]Error in binding to 'Avalonia.Animation.AnimatorKeyFrame'.'Value': 'Null value in expression '{empty}' at '$parent[ProgressBar, 0]'.'(AnimatorKeyFrame #28619802)
[Binding]Error in binding to 'Avalonia.Animation.AnimatorKeyFrame'.'Value': 'Null value in expression '{empty}' at '$parent[ProgressBar, 0]'.'(AnimatorKeyFrame #56251627)
[Binding]Error in binding to 'Avalonia.Animation.AnimatorKeyFrame'.'Value': 'Null value in expression '{empty}' at '$parent[ProgressBar, 0]'.'(AnimatorKeyFrame #36502600)
[Binding]Error in binding to 'Avalonia.Animation.AnimatorKeyFrame'.'Value': 'Null value in expression '{empty}' at '$parent[ProgressBar, 0]'.'(AnimatorKeyFrame #60087944)
[Binding]Error in binding to 'Avalonia.Animation.AnimatorKeyFrame'.'Value': 'Null value in expression '{empty}' at '$parent[ProgressBar, 0]'.'(AnimatorKeyFrame #3920590)
[Binding]Error in binding to 'Avalonia.Animation.AnimatorKeyFrame'.'Value': 'Null value in expression '{empty}' at '$parent[ProgressBar, 0]'.'(AnimatorKeyFrame #35285314)
[Binding]Error in binding to 'Avalonia.Animation.AnimatorKeyFrame'.'Value': 'Null value in expression '{empty}' at '$parent[ProgressBar, 0]'.'(AnimatorKeyFrame #49132373)
[Binding]Error in binding to 'Avalonia.Animation.AnimatorKeyFrame'.'Value': 'Null value in expression '{empty}' at '$parent[ProgressBar, 0]'.'(AnimatorKeyFrame #39538176)
[Binding]Error in binding to 'Avalonia.Animation.AnimatorKeyFrame'.'Value': 'Null value in expression '{empty}' at '$parent[ProgressBar, 0]'.'(AnimatorKeyFrame #20299268)
[Binding]Error in binding to 'Avalonia.Animation.AnimatorKeyFrame'.'Value': 'Null value in expression '{empty}' at '$parent[ProgressBar, 0]'.'(AnimatorKeyFrame #48475691)
[Binding]Error in binding to 'Avalonia.Animation.AnimatorKeyFrame'.'Value': 'Null value in expression '{empty}' at '$parent[ProgressBar, 0]'.'(AnimatorKeyFrame #33628036)
[Binding]Error in binding to 'Avalonia.Animation.AnimatorKeyFrame'.'Value': 'Null value in expression '{empty}' at '$parent[ProgressBar, 0]'.'(AnimatorKeyFrame #34216874)
[Binding]Error in binding to 'Avalonia.Animation.AnimatorKeyFrame'.'Value': 'Null value in expression '{empty}' at '$parent[ProgressBar, 0]'.'(AnimatorKeyFrame #39516413)
[Binding]Error in binding to 'Avalonia.Animation.AnimatorKeyFrame'.'Value': 'Null value in expression '{empty}' at '$parent[ProgressBar, 0]'.'(AnimatorKeyFrame #20103398)
[Binding]Error in binding to 'Avalonia.Animation.AnimatorKeyFrame'.'Value': 'Null value in expression '{empty}' at '$parent[ProgressBar, 0]'.'(AnimatorKeyFrame #46712854)
[Binding]Error in binding to 'Avalonia.Animation.AnimatorKeyFrame'.'Value': 'Null value in expression '{empty}' at '$parent[ProgressBar, 0]'.'(AnimatorKeyFrame #17762502)
[Binding]Error in binding to 'Avalonia.Animation.AnimatorKeyFrame'.'Value': 'Null value in expression '{empty}' at '$parent[ProgressBar, 0]'.'(AnimatorKeyFrame #25644791)
[Binding]Error in binding to 'Avalonia.Animation.AnimatorKeyFrame'.'Value': 'Null value in expression '{empty}' at '$parent[ProgressBar, 0]'.'(AnimatorKeyFrame #29476530)
[Binding]Error in binding to 'Avalonia.Animation.AnimatorKeyFrame'.'Value': 'Null value in expression '{empty}' at '$parent[ProgressBar, 0]'.'(AnimatorKeyFrame #63962185)
[Binding]Error in binding to 'Avalonia.Animation.AnimatorKeyFrame'.'Value': 'Null value in expression '{empty}' at '$parent[ProgressBar, 0]'.'(AnimatorKeyFrame #38788755)
[Binding]Error in binding to 'Avalonia.Animation.AnimatorKeyFrame'.'Value': 'Null value in expression '{empty}' at '$parent[ProgressBar, 0]'.'(AnimatorKeyFrame #13554483)
[Binding]Error in binding to 'Avalonia.Animation.AnimatorKeyFrame'.'Value': 'Null value in expression '{empty}' at '$parent[ProgressBar, 0]'.'(AnimatorKeyFrame #54881489)
[Binding]Error in binding to 'Avalonia.Animation.AnimatorKeyFrame'.'Value': 'Null value in expression '{empty}' at '$parent[ProgressBar, 0]'.'(AnimatorKeyFrame #24171358)
[Binding]Error in binding to 'Avalonia.Animation.AnimatorKeyFrame'.'Value': 'Null value in expression '{empty}' at '$parent[ProgressBar, 0]'.'(AnimatorKeyFrame #16215635)
[Binding]Error in binding to 'Avalonia.Animation.AnimatorKeyFrame'.'Value': 'Null value in expression '{empty}' at '$parent[ProgressBar, 0]'.'(AnimatorKeyFrame #11722994)
[Binding]Error in binding to 'Avalonia.Animation.AnimatorKeyFrame'.'Value': 'Null value in expression '{empty}' at '$parent[ProgressBar, 0]'.'(AnimatorKeyFrame #38398082)
[Binding]Error in binding to 'Avalonia.Animation.AnimatorKeyFrame'.'Value': 'Null value in expression '{empty}' at '$parent[ProgressBar, 0]'.'(AnimatorKeyFrame #10038421)
[Binding]Error in binding to 'Avalonia.Animation.AnimatorKeyFrame'.'Value': 'Null value in expression '{empty}' at '$parent[ProgressBar, 0]'.'(AnimatorKeyFrame #23236933)
[Binding]Error in binding to 'Avalonia.Animation.AnimatorKeyFrame'.'Value': 'Null value in expression '{empty}' at '$parent[ProgressBar, 0]'.'(AnimatorKeyFrame #7805810)
[Binding]Error in binding to 'Avalonia.Controls.TextBlock'.'Text': 'Null value in expression '{empty}' at 'SelectedLibraryItem'.'(TextBlock #64854219)
[Binding]Error in binding to 'Avalonia.Controls.TextBlock'.'Text': 'Null value in expression '{empty}' at 'SelectedLibraryItem'.'(TextBlock #18700393)
[DIAG] MainWindow.DataContext = OpenBroadcaster.Avalonia.ViewModels.MainWindowViewModel
[DIAG] DC Prop: PlayCommand (System.Windows.Input.ICommand)
[DIAG] DC Prop: StopCommand (System.Windows.Input.ICommand)
[DIAG] DC Prop: DeckPlayCommand (System.Windows.Input.ICommand)
[DIAG] DC Prop: DeckStopCommand (System.Windows.Input.ICommand)
[DIAG] DC Prop: DeckNextCommand (System.Windows.Input.ICommand)
[DIAG] DC Prop: AddToQueueCommand (System.Windows.Input.ICommand)
[DIAG] DC Prop: RemoveQueueItemCommand (System.Windows.Input.ICommand)
[DIAG] DC Prop: ShuffleQueueCommand (System.Windows.Input.ICommand)
[DIAG] DC Prop: ClearQueueCommand (System.Windows.Input.ICommand)
[DIAG] DC Prop: TriggerCartCommand (System.Windows.Input.ICommand)
[DIAG] DC Prop: AssignPadCommand (System.Windows.Input.ICommand)
[DIAG] DC Prop: ClearPadCommand (System.Windows.Input.ICommand)
[DIAG] DC Prop: ManageCategoriesCommand (System.Windows.Input.ICommand)
[DIAG] DC Prop: ImportTracksCommand (System.Windows.Input.ICommand)
[DIAG] DC Prop: ImportFolderCommand (System.Windows.Input.ICommand)
[DIAG] DC Prop: OpenAboutDialogCommand (System.Windows.Input.ICommand)
[DIAG] DC Prop: OpenAppSettingsCommand (System.Windows.Input.ICommand)
[DIAG] DC Prop: AssignCategoriesCommand (System.Windows.Input.ICommand)
[DIAG] DC Prop: DeckA (OpenBroadcaster.Avalonia.ViewModels.DeckViewModel)
[DIAG] DC Prop: DeckB (OpenBroadcaster.Avalonia.ViewModels.DeckViewModel)
[DIAG] DC Prop: QueueItems (System.Collections.ObjectModel.ReadOnlyObservableCollection`1[[OpenBroadcaster.Avalonia.ViewModels.QueueItemViewModel, OpenBroadcaster.Avalonia, Version=0.0.0.0, Culture=neutral, PublicKeyToken=null]])
[DIAG] DC Prop: LibraryItems (System.Collections.ObjectModel.ReadOnlyObservableCollection`1[[OpenBroadcaster.Avalonia.ViewModels.LibraryItemViewModel, OpenBroadcaster.Avalonia, Version=0.0.0.0, Culture=neutral, PublicKeyToken=null]])
[DIAG] DC Prop: CartPads (System.Collections.ObjectModel.ReadOnlyObservableCollection`1[[OpenBroadcaster.Core.Models.CartPad, OpenBroadcaster.Core, Version=0.0.0.0, Culture=neutral, PublicKeyToken=null]])
[DIAG] DC Prop: SelectedQueueItem (OpenBroadcaster.Avalonia.ViewModels.QueueItemViewModel)
[DIAG] DC Prop: SelectedLibraryItem (OpenBroadcaster.Avalonia.ViewModels.LibraryItemViewModel)
[DIAG] DC Prop: SelectedLibraryItemArt (Avalonia.Media.Imaging.Bitmap)
[DIAG] DC Prop: NowPlaying (System.String)
[DIAG] DC Prop: LibrarySearchText (System.String)
[DIAG] DC Prop: LibraryCategories (System.Collections.ObjectModel.ObservableCollection`1[[OpenBroadcaster.Core.Models.LibraryCategory, OpenBroadcaster.Core, Version=0.0.0.0, Culture=neutral, PublicKeyToken=null]])
[DIAG] DC Prop: SelectedLibraryCategory (OpenBroadcaster.Core.Models.LibraryCategory)
[DIAG] DC Prop: LibraryStatusMessage (System.String)
[DIAG] DC Prop: TwitchChatFontSize (System.Double)
[DIAG] DC Prop: ChatMessages (System.Collections.ObjectModel.ObservableCollection`1[[OpenBroadcaster.Avalonia.ViewModels.ChatMessageViewModel, OpenBroadcaster.Avalonia, Version=0.0.0.0, Culture=neutral, PublicKeyToken=null]])
[DIAG] DC Prop: TwitchChatEnabled (System.Boolean)
[DIAG] DC Prop: AutoDjEnabled (System.Boolean)
[DIAG] DC Prop: AutoDjStatusMessage (System.String)
[DIAG] DC Prop: MicEnabled (System.Boolean)
[DIAG] DC Prop: MicVolume (System.Int32)
[DIAG] DC Prop: MasterVolume (System.Int32)
[DIAG] DC Prop: CartWallVolume (System.Int32)
[DIAG] DC Prop: EncoderVolume (System.Int32)
[DIAG] DC Prop: ProgramVuPercent (System.Double)
[DIAG] DC Prop: EncoderVuPercent (System.Double)
[DIAG] DC Prop: MicVuPercent (System.Double)
[DIAG] DC Prop: CartVuPercent (System.Double)
[Binding]Error in binding to 'Avalonia.Controls.TextBlock'.'Text': 'Null value in expression '{empty}' at 'SelectedLibraryItem'.'(TextBlock #64854219)
[Binding]Error in binding to 'Avalonia.Controls.TextBlock'.'Text': 'Null value in expression '{empty}' at 'SelectedLibraryItem'.'(TextBlock #18700393)
[DIAG] MainWindow.DataContext = OpenBroadcaster.Avalonia.ViewModels.MainWindowViewModel
[DIAG] DC Prop: PlayCommand (System.Windows.Input.ICommand)
[DIAG] DC Prop: StopCommand (System.Windows.Input.ICommand)
[DIAG] DC Prop: DeckPlayCommand (System.Windows.Input.ICommand)
[DIAG] DC Prop: DeckStopCommand (System.Windows.Input.ICommand)
[DIAG] DC Prop: DeckNextCommand (System.Windows.Input.ICommand)
[DIAG] DC Prop: AddToQueueCommand (System.Windows.Input.ICommand)
[DIAG] DC Prop: RemoveQueueItemCommand (System.Windows.Input.ICommand)
[DIAG] DC Prop: ShuffleQueueCommand (System.Windows.Input.ICommand)
[DIAG] DC Prop: ClearQueueCommand (System.Windows.Input.ICommand)
[DIAG] DC Prop: TriggerCartCommand (System.Windows.Input.ICommand)
[DIAG] DC Prop: AssignPadCommand (System.Windows.Input.ICommand)
[DIAG] DC Prop: ClearPadCommand (System.Windows.Input.ICommand)
[DIAG] DC Prop: ManageCategoriesCommand (System.Windows.Input.ICommand)
[DIAG] DC Prop: ImportTracksCommand (System.Windows.Input.ICommand)
[DIAG] DC Prop: ImportFolderCommand (System.Windows.Input.ICommand)
[DIAG] DC Prop: OpenAboutDialogCommand (System.Windows.Input.ICommand)
[DIAG] DC Prop: OpenAppSettingsCommand (System.Windows.Input.ICommand)
[DIAG] DC Prop: AssignCategoriesCommand (System.Windows.Input.ICommand)
[DIAG] DC Prop: DeckA (OpenBroadcaster.Avalonia.ViewModels.DeckViewModel)
[DIAG] DC Prop: DeckB (OpenBroadcaster.Avalonia.ViewModels.DeckViewModel)
[DIAG] DC Prop: QueueItems (System.Collections.ObjectModel.ReadOnlyObservableCollection`1[[OpenBroadcaster.Avalonia.ViewModels.QueueItemViewModel, OpenBroadcaster.Avalonia, Version=0.0.0.0, Culture=neutral, PublicKeyToken=null]])
[DIAG] DC Prop: LibraryItems (System.Collections.ObjectModel.ReadOnlyObservableCollection`1[[OpenBroadcaster.Avalonia.ViewModels.LibraryItemViewModel, OpenBroadcaster.Avalonia, Version=0.0.0.0, Culture=neutral, PublicKeyToken=null]])
[DIAG] DC Prop: CartPads (System.Collections.ObjectModel.ReadOnlyObservableCollection`1[[OpenBroadcaster.Core.Models.CartPad, OpenBroadcaster.Core, Version=0.0.0.0, Culture=neutral, PublicKeyToken=null]])
[DIAG] DC Prop: SelectedQueueItem (OpenBroadcaster.Avalonia.ViewModels.QueueItemViewModel)
[DIAG] DC Prop: SelectedLibraryItem (OpenBroadcaster.Avalonia.ViewModels.LibraryItemViewModel)
[DIAG] DC Prop: SelectedLibraryItemArt (Avalonia.Media.Imaging.Bitmap)
[DIAG] DC Prop: NowPlaying (System.String)
[DIAG] DC Prop: LibrarySearchText (System.String)
[DIAG] DC Prop: LibraryCategories (System.Collections.ObjectModel.ObservableCollection`1[[OpenBroadcaster.Core.Models.LibraryCategory, OpenBroadcaster.Core, Version=0.0.0.0, Culture=neutral, PublicKeyToken=null]])
[DIAG] DC Prop: SelectedLibraryCategory (OpenBroadcaster.Core.Models.LibraryCategory)
[DIAG] DC Prop: LibraryStatusMessage (System.String)
[DIAG] DC Prop: TwitchChatFontSize (System.Double)
[DIAG] DC Prop: ChatMessages (System.Collections.ObjectModel.ObservableCollection`1[[OpenBroadcaster.Avalonia.ViewModels.ChatMessageViewModel, OpenBroadcaster.Avalonia, Version=0.0.0.0, Culture=neutral, PublicKeyToken=null]])
[DIAG] DC Prop: TwitchChatEnabled (System.Boolean)
[DIAG] DC Prop: AutoDjEnabled (System.Boolean)
[DIAG] DC Prop: AutoDjStatusMessage (System.String)
[DIAG] DC Prop: MicEnabled (System.Boolean)
[DIAG] DC Prop: MicVolume (System.Int32)
[DIAG] DC Prop: MasterVolume (System.Int32)
[DIAG] DC Prop: CartWallVolume (System.Int32)
[DIAG] DC Prop: EncoderVolume (System.Int32)
[DIAG] DC Prop: ProgramVuPercent (System.Double)
[DIAG] DC Prop: EncoderVuPercent (System.Double)
[DIAG] DC Prop: MicVuPercent (System.Double)
[DIAG] DC Prop: CartVuPercent (System.Double)
[FirstChance] 2026-02-01T02:45:46.0562172Z System.ObjectDisposedException: Cannot access a disposed object.
Object name: 'Avalonia.Win32.WinRT.Impl.__MicroComICompositionSurfaceBrushProxy'.
   at MicroCom.Runtime.MicroComProxyBase.get_NativePointer()

[Visual]Exception when rendering: 'System.ObjectDisposedException: Cannot access a disposed object.
Object name: 'Avalonia.Win32.WinRT.Impl.__MicroComICompositionSurfaceBrushProxy'.
   at MicroCom.Runtime.MicroComProxyBase.get_NativePointer()
   at MicroCom.Runtime.MicroComProxyBase.get_PPV()
   at Avalonia.Win32.WinRT.Impl.__MicroComICompositionSurfaceBrushProxy.SetSurface(ICompositionSurface value) in /_/src/Windows/Avalonia.Win32/WinRT/WinRT.Generated.cs:line 6864
   at Avalonia.Win32.WinRT.Composition.WinUiCompositedWindow.SetSurface(ICompositionSurface surface) in /_/src/Windows/Avalonia.Win32/WinRT/Composition/WinUiCompositedWindow.cs:line 76
   at Avalonia.Win32.WinRT.Composition.WinUiCompositedWindowRenderTarget.BeginDraw() in /_/src/Windows/Avalonia.Win32/WinRT/Composition/WinUiCompositedWindowSurface.cs:line 121
   at Avalonia.Win32.OpenGl.Angle.AngleD3DTextureFeature.RenderTargetWrapper.BeginDrawCore() in /_/src/Windows/Avalonia.Win32/OpenGl/Angle/AngleD3DTextureFeature.cs:line 40
   at Avalonia.OpenGL.Egl.EglPlatformSurfaceRenderTargetBase.BeginDraw() in /_/src/Avalonia.OpenGL/Egl/EglGlPlatformSurfaceBase.cs:line 30
   at Avalonia.Skia.GlRenderTarget.BeginRenderingSession() in /_/src/Skia/Avalonia.Skia/Gpu/OpenGl/GlRenderTarget.cs:line 64
   at Avalonia.Skia.SkiaGpuRenderTarget.CreateDrawingContext() in /_/src/Skia/Avalonia.Skia/Gpu/SkiaGpuRenderTarget.cs:line 27
   at Avalonia.Rendering.Composition.Server.ServerCompositionTarget.Render() in /_/src/Avalonia.Base/Rendering/Composition/Server/ServerCompositionTarget.cs:line 116
   at Avalonia.Rendering.Composition.Server.ServerCompositor.RenderCore() in /_/src/Avalonia.Base/Rendering/Composition/Server/ServerCompositor.cs:line 168'(ServerCompositor #40088089)
[Binding]Error in binding to 'Avalonia.Animation.AnimatorKeyFrame'.'Value': 'Null value in expression '{empty}' at '$parent[ProgressBar, 0]'.'(AnimatorKeyFrame #49313939)
[Binding]Error in binding to 'Avalonia.Animation.AnimatorKeyFrame'.'Value': 'Null value in expression '{empty}' at '$parent[ProgressBar, 0]'.'(AnimatorKeyFrame #41172271)
[Binding]Error in binding to 'Avalonia.Animation.AnimatorKeyFrame'.'Value': 'Null value in expression '{empty}' at '$parent[ProgressBar, 0]'.'(AnimatorKeyFrame #35006119)
[Binding]Error in binding to 'Avalonia.Animation.AnimatorKeyFrame'.'Value': 'Null value in expression '{empty}' at '$parent[ProgressBar, 0]'.'(AnimatorKeyFrame #46619622)
[Binding]Error in binding to 'Avalonia.Animation.AnimatorKeyFrame'.'Value': 'Null value in expression '{empty}' at '$parent[ProgressBar, 0]'.'(AnimatorKeyFrame #16923420)
[Binding]Error in binding to 'Avalonia.Animation.AnimatorKeyFrame'.'Value': 'Null value in expression '{empty}' at '$parent[ProgressBar, 0]'.'(AnimatorKeyFrame #18093058)
[Binding]Error in binding to 'Avalonia.Animation.AnimatorKeyFrame'.'Value': 'Null value in expression '{empty}' at '$parent[ProgressBar, 0]'.'(AnimatorKeyFrame #28619802)
[Binding]Error in binding to 'Avalonia.Animation.AnimatorKeyFrame'.'Value': 'Null value in expression '{empty}' at '$parent[ProgressBar, 0]'.'(AnimatorKeyFrame #56251627)
[Binding]Error in binding to 'Avalonia.Animation.AnimatorKeyFrame'.'Value': 'Null value in expression '{empty}' at '$parent[ProgressBar, 0]'.'(AnimatorKeyFrame #36502600)
[Binding]Error in binding to 'Avalonia.Animation.AnimatorKeyFrame'.'Value': 'Null value in expression '{empty}' at '$parent[ProgressBar, 0]'.'(AnimatorKeyFrame #60087944)
[Binding]Error in binding to 'Avalonia.Animation.AnimatorKeyFrame'.'Value': 'Null value in expression '{empty}' at '$parent[ProgressBar, 0]'.'(AnimatorKeyFrame #3920590)
[Binding]Error in binding to 'Avalonia.Animation.AnimatorKeyFrame'.'Value': 'Null value in expression '{empty}' at '$parent[ProgressBar, 0]'.'(AnimatorKeyFrame #35285314)
[Binding]Error in binding to 'Avalonia.Animation.AnimatorKeyFrame'.'Value': 'Null value in expression '{empty}' at '$parent[ProgressBar, 0]'.'(AnimatorKeyFrame #49132373)
[Binding]Error in binding to 'Avalonia.Animation.AnimatorKeyFrame'.'Value': 'Null value in expression '{empty}' at '$parent[ProgressBar, 0]'.'(AnimatorKeyFrame #39538176)
[Binding]Error in binding to 'Avalonia.Animation.AnimatorKeyFrame'.'Value': 'Null value in expression '{empty}' at '$parent[ProgressBar, 0]'.'(AnimatorKeyFrame #20299268)
[Binding]Error in binding to 'Avalonia.Animation.AnimatorKeyFrame'.'Value': 'Null value in expression '{empty}' at '$parent[ProgressBar, 0]'.'(AnimatorKeyFrame #48475691)
[Binding]Error in binding to 'Avalonia.Animation.AnimatorKeyFrame'.'Value': 'Null value in expression '{empty}' at '$parent[ProgressBar, 0]'.'(AnimatorKeyFrame #33628036)
[Binding]Error in binding to 'Avalonia.Animation.AnimatorKeyFrame'.'Value': 'Null value in expression '{empty}' at '$parent[ProgressBar, 0]'.'(AnimatorKeyFrame #34216874)
[Binding]Error in binding to 'Avalonia.Animation.AnimatorKeyFrame'.'Value': 'Null value in expression '{empty}' at '$parent[ProgressBar, 0]'.'(AnimatorKeyFrame #39516413)
[Binding]Error in binding to 'Avalonia.Animation.AnimatorKeyFrame'.'Value': 'Null value in expression '{empty}' at '$parent[ProgressBar, 0]'.'(AnimatorKeyFrame #20103398)
[Binding]Error in binding to 'Avalonia.Animation.AnimatorKeyFrame'.'Value': 'Null value in expression '{empty}' at '$parent[ProgressBar, 0]'.'(AnimatorKeyFrame #46712854)
[Binding]Error in binding to 'Avalonia.Animation.AnimatorKeyFrame'.'Value': 'Null value in expression '{empty}' at '$parent[ProgressBar, 0]'.'(AnimatorKeyFrame #17762502)
[Binding]Error in binding to 'Avalonia.Animation.AnimatorKeyFrame'.'Value': 'Null value in expression '{empty}' at '$parent[ProgressBar, 0]'.'(AnimatorKeyFrame #25644791)
[Binding]Error in binding to 'Avalonia.Animation.AnimatorKeyFrame'.'Value': 'Null value in expression '{empty}' at '$parent[ProgressBar, 0]'.'(AnimatorKeyFrame #29476530)
[Binding]Error in binding to 'Avalonia.Animation.AnimatorKeyFrame'.'Value': 'Null value in expression '{empty}' at '$parent[ProgressBar, 0]'.'(AnimatorKeyFrame #63962185)
[Binding]Error in binding to 'Avalonia.Animation.AnimatorKeyFrame'.'Value': 'Null value in expression '{empty}' at '$parent[ProgressBar, 0]'.'(AnimatorKeyFrame #38788755)
[Binding]Error in binding to 'Avalonia.Animation.AnimatorKeyFrame'.'Value': 'Null value in expression '{empty}' at '$parent[ProgressBar, 0]'.'(AnimatorKeyFrame #13554483)
[Binding]Error in binding to 'Avalonia.Animation.AnimatorKeyFrame'.'Value': 'Null value in expression '{empty}' at '$parent[ProgressBar, 0]'.'(AnimatorKeyFrame #54881489)
[Binding]Error in binding to 'Avalonia.Animation.AnimatorKeyFrame'.'Value': 'Null value in expression '{empty}' at '$parent[ProgressBar, 0]'.'(AnimatorKeyFrame #24171358)
[Binding]Error in binding to 'Avalonia.Animation.AnimatorKeyFrame'.'Value': 'Null value in expression '{empty}' at '$parent[ProgressBar, 0]'.'(AnimatorKeyFrame #16215635)
[Binding]Error in binding to 'Avalonia.Animation.AnimatorKeyFrame'.'Value': 'Null value in expression '{empty}' at '$parent[ProgressBar, 0]'.'(AnimatorKeyFrame #11722994)
[Binding]Error in binding to 'Avalonia.Animation.AnimatorKeyFrame'.'Value': 'Null value in expression '{empty}' at '$parent[ProgressBar, 0]'.'(AnimatorKeyFrame #38398082)
[Binding]Error in binding to 'Avalonia.Animation.AnimatorKeyFrame'.'Value': 'Null value in expression '{empty}' at '$parent[ProgressBar, 0]'.'(AnimatorKeyFrame #10038421)
[Binding]Error in binding to 'Avalonia.Animation.AnimatorKeyFrame'.'Value': 'Null value in expression '{empty}' at '$parent[ProgressBar, 0]'.'(AnimatorKeyFrame #23236933)
[Binding]Error in binding to 'Avalonia.Animation.AnimatorKeyFrame'.'Value': 'Null value in expression '{empty}' at '$parent[ProgressBar, 0]'.'(AnimatorKeyFrame #7805810)
[Binding]Error in binding to 'Avalonia.Animation.AnimatorKeyFrame'.'Value': 'Null value in expression '{empty}' at '$parent[ProgressBar, 0]'.'(AnimatorKeyFrame #3143429)
[Binding]Error in binding to 'Avalonia.Animation.AnimatorKeyFrame'.'Value': 'Null value in expression '{empty}' at '$parent[ProgressBar, 0]'.'(AnimatorKeyFrame #28290863)
[Binding]Error in binding to 'Avalonia.Animation.AnimatorKeyFrame'.'Value': 'Null value in expression '{empty}' at '$parent[ProgressBar, 0]'.'(AnimatorKeyFrame #53291177)
[Binding]Error in binding to 'Avalonia.Animation.AnimatorKeyFrame'.'Value': 'Null value in expression '{empty}' at '$parent[ProgressBar, 0]'.'(AnimatorKeyFrame #9858548)
[Binding]Error in binding to 'Avalonia.Animation.AnimatorKeyFrame'.'Value': 'Null value in expression '{empty}' at '$parent[ProgressBar, 0]'.'(AnimatorKeyFrame #21618074)
[Binding]Error in binding to 'Avalonia.Animation.AnimatorKeyFrame'.'Value': 'Null value in expression '{empty}' at '$parent[ProgressBar, 0]'.'(AnimatorKeyFrame #60344938)
[Binding]Error in binding to 'Avalonia.Animation.AnimatorKeyFrame'.'Value': 'Null value in expression '{empty}' at '$parent[ProgressBar, 0]'.'(AnimatorKeyFrame #6233535)
[Binding]Error in binding to 'Avalonia.Animation.AnimatorKeyFrame'.'Value': 'Null value in expression '{empty}' at '$parent[ProgressBar, 0]'.'(AnimatorKeyFrame #56101816)
[Binding]Error in binding to 'Avalonia.Animation.AnimatorKeyFrame'.'Value': 'Null value in expression '{empty}' at '$parent[ProgressBar, 0]'.'(AnimatorKeyFrame #35154304)
[Binding]Error in binding to 'Avalonia.Animation.AnimatorKeyFrame'.'Value': 'Null value in expression '{empty}' at '$parent[ProgressBar, 0]'.'(AnimatorKeyFrame #47953287)
[Binding]Error in binding to 'Avalonia.Animation.AnimatorKeyFrame'.'Value': 'Null value in expression '{empty}' at '$parent[ProgressBar, 0]'.'(AnimatorKeyFrame #28926407)
[Binding]Error in binding to 'Avalonia.Animation.AnimatorKeyFrame'.'Value': 'Null value in expression '{empty}' at '$parent[ProgressBar, 0]'.'(AnimatorKeyFrame #59011071)
[Binding]Error in binding to 'Avalonia.Animation.AnimatorKeyFrame'.'Value': 'Null value in expression '{empty}' at '$parent[ProgressBar, 0]'.'(AnimatorKeyFrame #61337593)
[Binding]Error in binding to 'Avalonia.Controls.TextBlock'.'Text': 'Null value in expression '{empty}' at 'SelectedLibraryItem'.'(TextBlock #64854219)
[Binding]Error in binding to 'Avalonia.Controls.TextBlock'.'Text': 'Null value in expression '{empty}' at 'SelectedLibraryItem'.'(TextBlock #18700393)
[DIAG] MainWindow.DataContext = OpenBroadcaster.Avalonia.ViewModels.MainWindowViewModel
[DIAG] DC Prop: PlayCommand (System.Windows.Input.ICommand)
[DIAG] DC Prop: StopCommand (System.Windows.Input.ICommand)
[DIAG] DC Prop: DeckPlayCommand (System.Windows.Input.ICommand)
[DIAG] DC Prop: DeckStopCommand (System.Windows.Input.ICommand)
[DIAG] DC Prop: DeckNextCommand (System.Windows.Input.ICommand)
[DIAG] DC Prop: AddToQueueCommand (System.Windows.Input.ICommand)
[DIAG] DC Prop: RemoveQueueItemCommand (System.Windows.Input.ICommand)
[DIAG] DC Prop: ShuffleQueueCommand (System.Windows.Input.ICommand)
[DIAG] DC Prop: ClearQueueCommand (System.Windows.Input.ICommand)
[DIAG] DC Prop: TriggerCartCommand (System.Windows.Input.ICommand)
[DIAG] DC Prop: AssignPadCommand (System.Windows.Input.ICommand)
[DIAG] DC Prop: ClearPadCommand (System.Windows.Input.ICommand)
[DIAG] DC Prop: ManageCategoriesCommand (System.Windows.Input.ICommand)
[DIAG] DC Prop: ImportTracksCommand (System.Windows.Input.ICommand)
[DIAG] DC Prop: ImportFolderCommand (System.Windows.Input.ICommand)
[DIAG] DC Prop: OpenAboutDialogCommand (System.Windows.Input.ICommand)
[DIAG] DC Prop: OpenAppSettingsCommand (System.Windows.Input.ICommand)
[DIAG] DC Prop: AssignCategoriesCommand (System.Windows.Input.ICommand)
[DIAG] DC Prop: DeckA (OpenBroadcaster.Avalonia.ViewModels.DeckViewModel)
[DIAG] DC Prop: DeckB (OpenBroadcaster.Avalonia.ViewModels.DeckViewModel)
[DIAG] DC Prop: QueueItems (System.Collections.ObjectModel.ReadOnlyObservableCollection`1[[OpenBroadcaster.Avalonia.ViewModels.QueueItemViewModel, OpenBroadcaster.Avalonia, Version=0.0.0.0, Culture=neutral, PublicKeyToken=null]])
[DIAG] DC Prop: LibraryItems (System.Collections.ObjectModel.ReadOnlyObservableCollection`1[[OpenBroadcaster.Avalonia.ViewModels.LibraryItemViewModel, OpenBroadcaster.Avalonia, Version=0.0.0.0, Culture=neutral, PublicKeyToken=null]])
[DIAG] DC Prop: CartPads (System.Collections.ObjectModel.ReadOnlyObservableCollection`1[[OpenBroadcaster.Core.Models.CartPad, OpenBroadcaster.Core, Version=0.0.0.0, Culture=neutral, PublicKeyToken=null]])
[DIAG] DC Prop: SelectedQueueItem (OpenBroadcaster.Avalonia.ViewModels.QueueItemViewModel)
[DIAG] DC Prop: SelectedLibraryItem (OpenBroadcaster.Avalonia.ViewModels.LibraryItemViewModel)
[DIAG] DC Prop: SelectedLibraryItemArt (Avalonia.Media.Imaging.Bitmap)
[DIAG] DC Prop: NowPlaying (System.String)
[DIAG] DC Prop: LibrarySearchText (System.String)
[DIAG] DC Prop: LibraryCategories (System.Collections.ObjectModel.ObservableCollection`1[[OpenBroadcaster.Core.Models.LibraryCategory, OpenBroadcaster.Core, Version=0.0.0.0, Culture=neutral, PublicKeyToken=null]])
[DIAG] DC Prop: SelectedLibraryCategory (OpenBroadcaster.Core.Models.LibraryCategory)
[DIAG] DC Prop: LibraryStatusMessage (System.String)
[DIAG] DC Prop: TwitchChatFontSize (System.Double)
[DIAG] DC Prop: ChatMessages (System.Collections.ObjectModel.ObservableCollection`1[[OpenBroadcaster.Avalonia.ViewModels.ChatMessageViewModel, OpenBroadcaster.Avalonia, Version=0.0.0.0, Culture=neutral, PublicKeyToken=null]])
[DIAG] DC Prop: TwitchChatEnabled (System.Boolean)
[DIAG] DC Prop: AutoDjEnabled (System.Boolean)
[DIAG] DC Prop: AutoDjStatusMessage (System.String)
[DIAG] DC Prop: MicEnabled (System.Boolean)
[DIAG] DC Prop: MicVolume (System.Int32)
[DIAG] DC Prop: MasterVolume (System.Int32)
[DIAG] DC Prop: CartWallVolume (System.Int32)
[DIAG] DC Prop: EncoderVolume (System.Int32)
[DIAG] DC Prop: ProgramVuPercent (System.Double)
[DIAG] DC Prop: EncoderVuPercent (System.Double)
[DIAG] DC Prop: MicVuPercent (System.Double)
[DIAG] DC Prop: CartVuPercent (System.Double)
[Binding]Error in binding to 'Avalonia.Animation.AnimatorKeyFrame'.'Value': 'Null value in expression '{empty}' at '$parent[ProgressBar, 0]'.'(AnimatorKeyFrame #6606172)
[Binding]Error in binding to 'Avalonia.Animation.AnimatorKeyFrame'.'Value': 'Null value in expression '{empty}' at '$parent[ProgressBar, 0]'.'(AnimatorKeyFrame #59455556)
[Binding]Error in binding to 'Avalonia.Animation.AnimatorKeyFrame'.'Value': 'Null value in expression '{empty}' at '$parent[ProgressBar, 0]'.'(AnimatorKeyFrame #65337958)
[Binding]Error in binding to 'Avalonia.Animation.AnimatorKeyFrame'.'Value': 'Null value in expression '{empty}' at '$parent[ProgressBar, 0]'.'(AnimatorKeyFrame #51170717)
[Binding]Error in binding to 'Avalonia.Animation.AnimatorKeyFrame'.'Value': 'Null value in expression '{empty}' at '$parent[ProgressBar, 0]'.'(AnimatorKeyFrame #57883273)
[Binding]Error in binding to 'Avalonia.Animation.AnimatorKeyFrame'.'Value': 'Null value in expression '{empty}' at '$parent[ProgressBar, 0]'.'(AnimatorKeyFrame #51187411)
[Binding]Error in binding to 'Avalonia.Animation.AnimatorKeyFrame'.'Value': 'Null value in expression '{empty}' at '$parent[ProgressBar, 0]'.'(AnimatorKeyFrame #58033516)
[Binding]Error in binding to 'Avalonia.Animation.AnimatorKeyFrame'.'Value': 'Null value in expression '{empty}' at '$parent[ProgressBar, 0]'.'(AnimatorKeyFrame #52539597)
[Binding]Error in binding to 'Avalonia.Animation.AnimatorKeyFrame'.'Value': 'Null value in expression '{empty}' at '$parent[ProgressBar, 0]'.'(AnimatorKeyFrame #3094327)
[Binding]Error in binding to 'Avalonia.Animation.AnimatorKeyFrame'.'Value': 'Null value in expression '{empty}' at '$parent[ProgressBar, 0]'.'(AnimatorKeyFrame #27848947)
[Binding]Error in binding to 'Avalonia.Animation.AnimatorKeyFrame'.'Value': 'Null value in expression '{empty}' at '$parent[ProgressBar, 0]'.'(AnimatorKeyFrame #49313939)
[Binding]Error in binding to 'Avalonia.Animation.AnimatorKeyFrame'.'Value': 'Null value in expression '{empty}' at '$parent[ProgressBar, 0]'.'(AnimatorKeyFrame #41172271)
[Binding]Error in binding to 'Avalonia.Animation.AnimatorKeyFrame'.'Value': 'Null value in expression '{empty}' at '$parent[ProgressBar, 0]'.'(AnimatorKeyFrame #35006119)
[Binding]Error in binding to 'Avalonia.Animation.AnimatorKeyFrame'.'Value': 'Null value in expression '{empty}' at '$parent[ProgressBar, 0]'.'(AnimatorKeyFrame #46619622)
[Binding]Error in binding to 'Avalonia.Animation.AnimatorKeyFrame'.'Value': 'Null value in expression '{empty}' at '$parent[ProgressBar, 0]'.'(AnimatorKeyFrame #16923420)
[Binding]Error in binding to 'Avalonia.Animation.AnimatorKeyFrame'.'Value': 'Null value in expression '{empty}' at '$parent[ProgressBar, 0]'.'(AnimatorKeyFrame #18093058)
[Binding]Error in binding to 'Avalonia.Animation.AnimatorKeyFrame'.'Value': 'Null value in expression '{empty}' at '$parent[ProgressBar, 0]'.'(AnimatorKeyFrame #28619802)
[Binding]Error in binding to 'Avalonia.Animation.AnimatorKeyFrame'.'Value': 'Null value in expression '{empty}' at '$parent[ProgressBar, 0]'.'(AnimatorKeyFrame #56251627)
[Binding]Error in binding to 'Avalonia.Animation.AnimatorKeyFrame'.'Value': 'Null value in expression '{empty}' at '$parent[ProgressBar, 0]'.'(AnimatorKeyFrame #36502600)
[Binding]Error in binding to 'Avalonia.Animation.AnimatorKeyFrame'.'Value': 'Null value in expression '{empty}' at '$parent[ProgressBar, 0]'.'(AnimatorKeyFrame #60087944)
[Binding]Error in binding to 'Avalonia.Animation.AnimatorKeyFrame'.'Value': 'Null value in expression '{empty}' at '$parent[ProgressBar, 0]'.'(AnimatorKeyFrame #3920590)
[Binding]Error in binding to 'Avalonia.Animation.AnimatorKeyFrame'.'Value': 'Null value in expression '{empty}' at '$parent[ProgressBar, 0]'.'(AnimatorKeyFrame #35285314)
[Binding]Error in binding to 'Avalonia.Animation.AnimatorKeyFrame'.'Value': 'Null value in expression '{empty}' at '$parent[ProgressBar, 0]'.'(AnimatorKeyFrame #49132373)
[Binding]Error in binding to 'Avalonia.Animation.AnimatorKeyFrame'.'Value': 'Null value in expression '{empty}' at '$parent[ProgressBar, 0]'.'(AnimatorKeyFrame #39538176)
[Binding]Error in binding to 'Avalonia.Animation.AnimatorKeyFrame'.'Value': 'Null value in expression '{empty}' at '$parent[ProgressBar, 0]'.'(AnimatorKeyFrame #20299268)
[Binding]Error in binding to 'Avalonia.Animation.AnimatorKeyFrame'.'Value': 'Null value in expression '{empty}' at '$parent[ProgressBar, 0]'.'(AnimatorKeyFrame #48475691)
[Binding]Error in binding to 'Avalonia.Animation.AnimatorKeyFrame'.'Value': 'Null value in expression '{empty}' at '$parent[ProgressBar, 0]'.'(AnimatorKeyFrame #33628036)
[Binding]Error in binding to 'Avalonia.Animation.AnimatorKeyFrame'.'Value': 'Null value in expression '{empty}' at '$parent[ProgressBar, 0]'.'(AnimatorKeyFrame #34216874)
[Binding]Error in binding to 'Avalonia.Animation.AnimatorKeyFrame'.'Value': 'Null value in expression '{empty}' at '$parent[ProgressBar, 0]'.'(AnimatorKeyFrame #39516413)
[Binding]Error in binding to 'Avalonia.Animation.AnimatorKeyFrame'.'Value': 'Null value in expression '{empty}' at '$parent[ProgressBar, 0]'.'(AnimatorKeyFrame #20103398)
[Binding]Error in binding to 'Avalonia.Animation.AnimatorKeyFrame'.'Value': 'Null value in expression '{empty}' at '$parent[ProgressBar, 0]'.'(AnimatorKeyFrame #46712854)
[Binding]Error in binding to 'Avalonia.Animation.AnimatorKeyFrame'.'Value': 'Null value in expression '{empty}' at '$parent[ProgressBar, 0]'.'(AnimatorKeyFrame #17762502)
[Binding]Error in binding to 'Avalonia.Animation.AnimatorKeyFrame'.'Value': 'Null value in expression '{empty}' at '$parent[ProgressBar, 0]'.'(AnimatorKeyFrame #25644791)
[Binding]Error in binding to 'Avalonia.Animation.AnimatorKeyFrame'.'Value': 'Null value in expression '{empty}' at '$parent[ProgressBar, 0]'.'(AnimatorKeyFrame #29476530)
[Binding]Error in binding to 'Avalonia.Animation.AnimatorKeyFrame'.'Value': 'Null value in expression '{empty}' at '$parent[ProgressBar, 0]'.'(AnimatorKeyFrame #63962185)
[Binding]Error in binding to 'Avalonia.Animation.AnimatorKeyFrame'.'Value': 'Null value in expression '{empty}' at '$parent[ProgressBar, 0]'.'(AnimatorKeyFrame #38788755)
[Binding]Error in binding to 'Avalonia.Animation.AnimatorKeyFrame'.'Value': 'Null value in expression '{empty}' at '$parent[ProgressBar, 0]'.'(AnimatorKeyFrame #13554483)
[Binding]Error in binding to 'Avalonia.Animation.AnimatorKeyFrame'.'Value': 'Null value in expression '{empty}' at '$parent[ProgressBar, 0]'.'(AnimatorKeyFrame #54881489)
[Binding]Error in binding to 'Avalonia.Animation.AnimatorKeyFrame'.'Value': 'Null value in expression '{empty}' at '$parent[ProgressBar, 0]'.'(AnimatorKeyFrame #24171358)
[Binding]Error in binding to 'Avalonia.Animation.AnimatorKeyFrame'.'Value': 'Null value in expression '{empty}' at '$parent[ProgressBar, 0]'.'(AnimatorKeyFrame #16215635)
[Binding]Error in binding to 'Avalonia.Animation.AnimatorKeyFrame'.'Value': 'Null value in expression '{empty}' at '$parent[ProgressBar, 0]'.'(AnimatorKeyFrame #11722994)
[Binding]Error in binding to 'Avalonia.Animation.AnimatorKeyFrame'.'Value': 'Null value in expression '{empty}' at '$parent[ProgressBar, 0]'.'(AnimatorKeyFrame #38398082)
[Binding]Error in binding to 'Avalonia.Animation.AnimatorKeyFrame'.'Value': 'Null value in expression '{empty}' at '$parent[ProgressBar, 0]'.'(AnimatorKeyFrame #10038421)
[Binding]Error in binding to 'Avalonia.Animation.AnimatorKeyFrame'.'Value': 'Null value in expression '{empty}' at '$parent[ProgressBar, 0]'.'(AnimatorKeyFrame #23236933)
[Binding]Error in binding to 'Avalonia.Animation.AnimatorKeyFrame'.'Value': 'Null value in expression '{empty}' at '$parent[ProgressBar, 0]'.'(AnimatorKeyFrame #7805810)
[Binding]Error in binding to 'Avalonia.Animation.AnimatorKeyFrame'.'Value': 'Null value in expression '{empty}' at '$parent[ProgressBar, 0]'.'(AnimatorKeyFrame #3143429)
[Binding]Error in binding to 'Avalonia.Animation.AnimatorKeyFrame'.'Value': 'Null value in expression '{empty}' at '$parent[ProgressBar, 0]'.'(AnimatorKeyFrame #28290863)
[Binding]Error in binding to 'Avalonia.Animation.AnimatorKeyFrame'.'Value': 'Null value in expression '{empty}' at '$parent[ProgressBar, 0]'.'(AnimatorKeyFrame #53291177)
[Binding]Error in binding to 'Avalonia.Controls.TextBlock'.'Text': 'Null value in expression '{empty}' at 'SelectedLibraryItem'.'(TextBlock #64854219)
[Binding]Error in binding to 'Avalonia.Controls.TextBlock'.'Text': 'Null value in expression '{empty}' at 'SelectedLibraryItem'.'(TextBlock #18700393)
[DIAG] MainWindow.DataContext = OpenBroadcaster.Avalonia.ViewModels.MainWindowViewModel
[DIAG] DC Prop: PlayCommand (System.Windows.Input.ICommand)
[DIAG] DC Prop: StopCommand (System.Windows.Input.ICommand)
[DIAG] DC Prop: DeckPlayCommand (System.Windows.Input.ICommand)
[DIAG] DC Prop: DeckStopCommand (System.Windows.Input.ICommand)
[DIAG] DC Prop: DeckNextCommand (System.Windows.Input.ICommand)
[DIAG] DC Prop: AddToQueueCommand (System.Windows.Input.ICommand)
[DIAG] DC Prop: RemoveQueueItemCommand (System.Windows.Input.ICommand)
[DIAG] DC Prop: ShuffleQueueCommand (System.Windows.Input.ICommand)
[DIAG] DC Prop: ClearQueueCommand (System.Windows.Input.ICommand)
[DIAG] DC Prop: TriggerCartCommand (System.Windows.Input.ICommand)
[DIAG] DC Prop: AssignPadCommand (System.Windows.Input.ICommand)
[DIAG] DC Prop: ClearPadCommand (System.Windows.Input.ICommand)
[DIAG] DC Prop: ManageCategoriesCommand (System.Windows.Input.ICommand)
[DIAG] DC Prop: ImportTracksCommand (System.Windows.Input.ICommand)
[DIAG] DC Prop: ImportFolderCommand (System.Windows.Input.ICommand)
[DIAG] DC Prop: OpenAboutDialogCommand (System.Windows.Input.ICommand)
[DIAG] DC Prop: OpenAppSettingsCommand (System.Windows.Input.ICommand)
[DIAG] DC Prop: AssignCategoriesCommand (System.Windows.Input.ICommand)
[DIAG] DC Prop: DeckA (OpenBroadcaster.Avalonia.ViewModels.DeckViewModel)
[DIAG] DC Prop: DeckB (OpenBroadcaster.Avalonia.ViewModels.DeckViewModel)
[DIAG] DC Prop: QueueItems (System.Collections.ObjectModel.ReadOnlyObservableCollection`1[[OpenBroadcaster.Avalonia.ViewModels.QueueItemViewModel, OpenBroadcaster.Avalonia, Version=0.0.0.0, Culture=neutral, PublicKeyToken=null]])
[DIAG] DC Prop: LibraryItems (System.Collections.ObjectModel.ReadOnlyObservableCollection`1[[OpenBroadcaster.Avalonia.ViewModels.LibraryItemViewModel, OpenBroadcaster.Avalonia, Version=0.0.0.0, Culture=neutral, PublicKeyToken=null]])
[DIAG] DC Prop: CartPads (System.Collections.ObjectModel.ReadOnlyObservableCollection`1[[OpenBroadcaster.Core.Models.CartPad, OpenBroadcaster.Core, Version=0.0.0.0, Culture=neutral, PublicKeyToken=null]])
[DIAG] DC Prop: SelectedQueueItem (OpenBroadcaster.Avalonia.ViewModels.QueueItemViewModel)
[DIAG] DC Prop: SelectedLibraryItem (OpenBroadcaster.Avalonia.ViewModels.LibraryItemViewModel)
[DIAG] DC Prop: SelectedLibraryItemArt (Avalonia.Media.Imaging.Bitmap)
[DIAG] DC Prop: NowPlaying (System.String)
[DIAG] DC Prop: LibrarySearchText (System.String)
[DIAG] DC Prop: LibraryCategories (System.Collections.ObjectModel.ObservableCollection`1[[OpenBroadcaster.Core.Models.LibraryCategory, OpenBroadcaster.Core, Version=0.0.0.0, Culture=neutral, PublicKeyToken=null]])
[DIAG] DC Prop: SelectedLibraryCategory (OpenBroadcaster.Core.Models.LibraryCategory)
[DIAG] DC Prop: LibraryStatusMessage (System.String)
[DIAG] DC Prop: TwitchChatFontSize (System.Double)
[DIAG] DC Prop: ChatMessages (System.Collections.ObjectModel.ObservableCollection`1[[OpenBroadcaster.Avalonia.ViewModels.ChatMessageViewModel, OpenBroadcaster.Avalonia, Version=0.0.0.0, Culture=neutral, PublicKeyToken=null]])
[DIAG] DC Prop: TwitchChatEnabled (System.Boolean)
[DIAG] DC Prop: AutoDjEnabled (System.Boolean)
[DIAG] DC Prop: AutoDjStatusMessage (System.String)
[DIAG] DC Prop: MicEnabled (System.Boolean)
[DIAG] DC Prop: MicVolume (System.Int32)
[DIAG] DC Prop: MasterVolume (System.Int32)
[DIAG] DC Prop: CartWallVolume (System.Int32)
[DIAG] DC Prop: EncoderVolume (System.Int32)
[DIAG] DC Prop: ProgramVuPercent (System.Double)
[DIAG] DC Prop: EncoderVuPercent (System.Double)
[DIAG] DC Prop: MicVuPercent (System.Double)
[DIAG] DC Prop: CartVuPercent (System.Double)
[Binding]Error in binding to 'Avalonia.Animation.AnimatorKeyFrame'.'Value': 'Null value in expression '{empty}' at '$parent[ProgressBar, 0]'.'(AnimatorKeyFrame #6606172)
[Binding]Error in binding to 'Avalonia.Animation.AnimatorKeyFrame'.'Value': 'Null value in expression '{empty}' at '$parent[ProgressBar, 0]'.'(AnimatorKeyFrame #59455556)
[Binding]Error in binding to 'Avalonia.Animation.AnimatorKeyFrame'.'Value': 'Null value in expression '{empty}' at '$parent[ProgressBar, 0]'.'(AnimatorKeyFrame #65337958)
[Binding]Error in binding to 'Avalonia.Animation.AnimatorKeyFrame'.'Value': 'Null value in expression '{empty}' at '$parent[ProgressBar, 0]'.'(AnimatorKeyFrame #51170717)
[Binding]Error in binding to 'Avalonia.Animation.AnimatorKeyFrame'.'Value': 'Null value in expression '{empty}' at '$parent[ProgressBar, 0]'.'(AnimatorKeyFrame #57883273)
[Binding]Error in binding to 'Avalonia.Animation.AnimatorKeyFrame'.'Value': 'Null value in expression '{empty}' at '$parent[ProgressBar, 0]'.'(AnimatorKeyFrame #51187411)
[Binding]Error in binding to 'Avalonia.Animation.AnimatorKeyFrame'.'Value': 'Null value in expression '{empty}' at '$parent[ProgressBar, 0]'.'(AnimatorKeyFrame #58033516)
[Binding]Error in binding to 'Avalonia.Animation.AnimatorKeyFrame'.'Value': 'Null value in expression '{empty}' at '$parent[ProgressBar, 0]'.'(AnimatorKeyFrame #52539597)
[Binding]Error in binding to 'Avalonia.Animation.AnimatorKeyFrame'.'Value': 'Null value in expression '{empty}' at '$parent[ProgressBar, 0]'.'(AnimatorKeyFrame #3094327)
[Binding]Error in binding to 'Avalonia.Animation.AnimatorKeyFrame'.'Value': 'Null value in expression '{empty}' at '$parent[ProgressBar, 0]'.'(AnimatorKeyFrame #27848947)
[Binding]Error in binding to 'Avalonia.Animation.AnimatorKeyFrame'.'Value': 'Null value in expression '{empty}' at '$parent[ProgressBar, 0]'.'(AnimatorKeyFrame #49313939)
[Binding]Error in binding to 'Avalonia.Animation.AnimatorKeyFrame'.'Value': 'Null value in expression '{empty}' at '$parent[ProgressBar, 0]'.'(AnimatorKeyFrame #41172271)
[Binding]Error in binding to 'Avalonia.Animation.AnimatorKeyFrame'.'Value': 'Null value in expression '{empty}' at '$parent[ProgressBar, 0]'.'(AnimatorKeyFrame #35006119)
[Binding]Error in binding to 'Avalonia.Animation.AnimatorKeyFrame'.'Value': 'Null value in expression '{empty}' at '$parent[ProgressBar, 0]'.'(AnimatorKeyFrame #46619622)
[Binding]Error in binding to 'Avalonia.Animation.AnimatorKeyFrame'.'Value': 'Null value in expression '{empty}' at '$parent[ProgressBar, 0]'.'(AnimatorKeyFrame #16923420)
[Binding]Error in binding to 'Avalonia.Animation.AnimatorKeyFrame'.'Value': 'Null value in expression '{empty}' at '$parent[ProgressBar, 0]'.'(AnimatorKeyFrame #18093058)
[Binding]Error in binding to 'Avalonia.Animation.AnimatorKeyFrame'.'Value': 'Null value in expression '{empty}' at '$parent[ProgressBar, 0]'.'(AnimatorKeyFrame #28619802)
[Binding]Error in binding to 'Avalonia.Animation.AnimatorKeyFrame'.'Value': 'Null value in expression '{empty}' at '$parent[ProgressBar, 0]'.'(AnimatorKeyFrame #56251627)
[Binding]Error in binding to 'Avalonia.Animation.AnimatorKeyFrame'.'Value': 'Null value in expression '{empty}' at '$parent[ProgressBar, 0]'.'(AnimatorKeyFrame #36502600)
[Binding]Error in binding to 'Avalonia.Animation.AnimatorKeyFrame'.'Value': 'Null value in expression '{empty}' at '$parent[ProgressBar, 0]'.'(AnimatorKeyFrame #60087944)
[Binding]Error in binding to 'Avalonia.Animation.AnimatorKeyFrame'.'Value': 'Null value in expression '{empty}' at '$parent[ProgressBar, 0]'.'(AnimatorKeyFrame #3920590)
[Binding]Error in binding to 'Avalonia.Animation.AnimatorKeyFrame'.'Value': 'Null value in expression '{empty}' at '$parent[ProgressBar, 0]'.'(AnimatorKeyFrame #35285314)
[Binding]Error in binding to 'Avalonia.Animation.AnimatorKeyFrame'.'Value': 'Null value in expression '{empty}' at '$parent[ProgressBar, 0]'.'(AnimatorKeyFrame #49132373)
[Binding]Error in binding to 'Avalonia.Animation.AnimatorKeyFrame'.'Value': 'Null value in expression '{empty}' at '$parent[ProgressBar, 0]'.'(AnimatorKeyFrame #39538176)
[Binding]Error in binding to 'Avalonia.Animation.AnimatorKeyFrame'.'Value': 'Null value in expression '{empty}' at '$parent[ProgressBar, 0]'.'(AnimatorKeyFrame #20299268)
[Binding]Error in binding to 'Avalonia.Animation.AnimatorKeyFrame'.'Value': 'Null value in expression '{empty}' at '$parent[ProgressBar, 0]'.'(AnimatorKeyFrame #48475691)
[Binding]Error in binding to 'Avalonia.Animation.AnimatorKeyFrame'.'Value': 'Null value in expression '{empty}' at '$parent[ProgressBar, 0]'.'(AnimatorKeyFrame #33628036)
[Binding]Error in binding to 'Avalonia.Animation.AnimatorKeyFrame'.'Value': 'Null value in expression '{empty}' at '$parent[ProgressBar, 0]'.'(AnimatorKeyFrame #34216874)
[Binding]Error in binding to 'Avalonia.Animation.AnimatorKeyFrame'.'Value': 'Null value in expression '{empty}' at '$parent[ProgressBar, 0]'.'(AnimatorKeyFrame #39516413)
[Binding]Error in binding to 'Avalonia.Animation.AnimatorKeyFrame'.'Value': 'Null value in expression '{empty}' at '$parent[ProgressBar, 0]'.'(AnimatorKeyFrame #20103398)
[Binding]Error in binding to 'Avalonia.Animation.AnimatorKeyFrame'.'Value': 'Null value in expression '{empty}' at '$parent[ProgressBar, 0]'.'(AnimatorKeyFrame #46712854)
[Binding]Error in binding to 'Avalonia.Animation.AnimatorKeyFrame'.'Value': 'Null value in expression '{empty}' at '$parent[ProgressBar, 0]'.'(AnimatorKeyFrame #17762502)
[Binding]Error in binding to 'Avalonia.Animation.AnimatorKeyFrame'.'Value': 'Null value in expression '{empty}' at '$parent[ProgressBar, 0]'.'(AnimatorKeyFrame #25644791)
[Binding]Error in binding to 'Avalonia.Animation.AnimatorKeyFrame'.'Value': 'Null value in expression '{empty}' at '$parent[ProgressBar, 0]'.'(AnimatorKeyFrame #29476530)
[Binding]Error in binding to 'Avalonia.Animation.AnimatorKeyFrame'.'Value': 'Null value in expression '{empty}' at '$parent[ProgressBar, 0]'.'(AnimatorKeyFrame #63962185)
[Binding]Error in binding to 'Avalonia.Animation.AnimatorKeyFrame'.'Value': 'Null value in expression '{empty}' at '$parent[ProgressBar, 0]'.'(AnimatorKeyFrame #38788755)
[Binding]Error in binding to 'Avalonia.Animation.AnimatorKeyFrame'.'Value': 'Null value in expression '{empty}' at '$parent[ProgressBar, 0]'.'(AnimatorKeyFrame #13554483)
[Binding]Error in binding to 'Avalonia.Animation.AnimatorKeyFrame'.'Value': 'Null value in expression '{empty}' at '$parent[ProgressBar, 0]'.'(AnimatorKeyFrame #54881489)
[Binding]Error in binding to 'Avalonia.Animation.AnimatorKeyFrame'.'Value': 'Null value in expression '{empty}' at '$parent[ProgressBar, 0]'.'(AnimatorKeyFrame #24171358)
[Binding]Error in binding to 'Avalonia.Animation.AnimatorKeyFrame'.'Value': 'Null value in expression '{empty}' at '$parent[ProgressBar, 0]'.'(AnimatorKeyFrame #16215635)
[Binding]Error in binding to 'Avalonia.Animation.AnimatorKeyFrame'.'Value': 'Null value in expression '{empty}' at '$parent[ProgressBar, 0]'.'(AnimatorKeyFrame #11722994)
[Binding]Error in binding to 'Avalonia.Animation.AnimatorKeyFrame'.'Value': 'Null value in expression '{empty}' at '$parent[ProgressBar, 0]'.'(AnimatorKeyFrame #38398082)
[Binding]Error in binding to 'Avalonia.Animation.AnimatorKeyFrame'.'Value': 'Null value in expression '{empty}' at '$parent[ProgressBar, 0]'.'(AnimatorKeyFrame #10038421)
[Binding]Error in binding to 'Avalonia.Animation.AnimatorKeyFrame'.'Value': 'Null value in expression '{empty}' at '$parent[ProgressBar, 0]'.'(AnimatorKeyFrame #23236933)
[Binding]Error in binding to 'Avalonia.Animation.AnimatorKeyFrame'.'Value': 'Null value in expression '{empty}' at '$parent[ProgressBar, 0]'.'(AnimatorKeyFrame #7805810)
[Binding]Error in binding to 'Avalonia.Animation.AnimatorKeyFrame'.'Value': 'Null value in expression '{empty}' at '$parent[ProgressBar, 0]'.'(AnimatorKeyFrame #3143429)
[Binding]Error in binding to 'Avalonia.Animation.AnimatorKeyFrame'.'Value': 'Null value in expression '{empty}' at '$parent[ProgressBar, 0]'.'(AnimatorKeyFrame #28290863)
[Binding]Error in binding to 'Avalonia.Animation.AnimatorKeyFrame'.'Value': 'Null value in expression '{empty}' at '$parent[ProgressBar, 0]'.'(AnimatorKeyFrame #53291177)
[Binding]Error in binding to 'Avalonia.Controls.TextBlock'.'Text': 'Null value in expression '{empty}' at 'SelectedLibraryItem'.'(TextBlock #64854219)
[Binding]Error in binding to 'Avalonia.Controls.TextBlock'.'Text': 'Null value in expression '{empty}' at 'SelectedLibraryItem'.'(TextBlock #18700393)
[DIAG] MainWindow.DataContext = OpenBroadcaster.Avalonia.ViewModels.MainWindowViewModel
[DIAG] DC Prop: PlayCommand (System.Windows.Input.ICommand)
[DIAG] DC Prop: StopCommand (System.Windows.Input.ICommand)
[DIAG] DC Prop: DeckPlayCommand (System.Windows.Input.ICommand)
[DIAG] DC Prop: DeckStopCommand (System.Windows.Input.ICommand)
[DIAG] DC Prop: DeckNextCommand (System.Windows.Input.ICommand)
[DIAG] DC Prop: AddToQueueCommand (System.Windows.Input.ICommand)
[DIAG] DC Prop: RemoveQueueItemCommand (System.Windows.Input.ICommand)
[DIAG] DC Prop: ShuffleQueueCommand (System.Windows.Input.ICommand)
[DIAG] DC Prop: ClearQueueCommand (System.Windows.Input.ICommand)
[DIAG] DC Prop: TriggerCartCommand (System.Windows.Input.ICommand)
[DIAG] DC Prop: AssignPadCommand (System.Windows.Input.ICommand)
[DIAG] DC Prop: ClearPadCommand (System.Windows.Input.ICommand)
[DIAG] DC Prop: ManageCategoriesCommand (System.Windows.Input.ICommand)
[DIAG] DC Prop: ImportTracksCommand (System.Windows.Input.ICommand)
[DIAG] DC Prop: ImportFolderCommand (System.Windows.Input.ICommand)
[DIAG] DC Prop: OpenAboutDialogCommand (System.Windows.Input.ICommand)
[DIAG] DC Prop: OpenAppSettingsCommand (System.Windows.Input.ICommand)
[DIAG] DC Prop: AssignCategoriesCommand (System.Windows.Input.ICommand)
[DIAG] DC Prop: DeckA (OpenBroadcaster.Avalonia.ViewModels.DeckViewModel)
[DIAG] DC Prop: DeckB (OpenBroadcaster.Avalonia.ViewModels.DeckViewModel)
[DIAG] DC Prop: QueueItems (System.Collections.ObjectModel.ReadOnlyObservableCollection`1[[OpenBroadcaster.Avalonia.ViewModels.QueueItemViewModel, OpenBroadcaster.Avalonia, Version=0.0.0.0, Culture=neutral, PublicKeyToken=null]])
[DIAG] DC Prop: LibraryItems (System.Collections.ObjectModel.ReadOnlyObservableCollection`1[[OpenBroadcaster.Avalonia.ViewModels.LibraryItemViewModel, OpenBroadcaster.Avalonia, Version=0.0.0.0, Culture=neutral, PublicKeyToken=null]])
[DIAG] DC Prop: CartPads (System.Collections.ObjectModel.ReadOnlyObservableCollection`1[[OpenBroadcaster.Core.Models.CartPad, OpenBroadcaster.Core, Version=0.0.0.0, Culture=neutral, PublicKeyToken=null]])
[DIAG] DC Prop: SelectedQueueItem (OpenBroadcaster.Avalonia.ViewModels.QueueItemViewModel)
[DIAG] DC Prop: SelectedLibraryItem (OpenBroadcaster.Avalonia.ViewModels.LibraryItemViewModel)
[DIAG] DC Prop: SelectedLibraryItemArt (Avalonia.Media.Imaging.Bitmap)
[DIAG] DC Prop: NowPlaying (System.String)
[DIAG] DC Prop: LibrarySearchText (System.String)
[DIAG] DC Prop: LibraryCategories (System.Collections.ObjectModel.ObservableCollection`1[[OpenBroadcaster.Core.Models.LibraryCategory, OpenBroadcaster.Core, Version=0.0.0.0, Culture=neutral, PublicKeyToken=null]])
[DIAG] DC Prop: SelectedLibraryCategory (OpenBroadcaster.Core.Models.LibraryCategory)
[DIAG] DC Prop: LibraryStatusMessage (System.String)
[DIAG] DC Prop: TwitchChatFontSize (System.Double)
[DIAG] DC Prop: ChatMessages (System.Collections.ObjectModel.ObservableCollection`1[[OpenBroadcaster.Avalonia.ViewModels.ChatMessageViewModel, OpenBroadcaster.Avalonia, Version=0.0.0.0, Culture=neutral, PublicKeyToken=null]])
[DIAG] DC Prop: TwitchChatEnabled (System.Boolean)
[DIAG] DC Prop: AutoDjEnabled (System.Boolean)
[DIAG] DC Prop: AutoDjStatusMessage (System.String)
[DIAG] DC Prop: MicEnabled (System.Boolean)
[DIAG] DC Prop: MicVolume (System.Int32)
[DIAG] DC Prop: MasterVolume (System.Int32)
[DIAG] DC Prop: CartWallVolume (System.Int32)
[DIAG] DC Prop: EncoderVolume (System.Int32)
[DIAG] DC Prop: ProgramVuPercent (System.Double)
[DIAG] DC Prop: EncoderVuPercent (System.Double)
[DIAG] DC Prop: MicVuPercent (System.Double)
[DIAG] DC Prop: CartVuPercent (System.Double)
[Binding]Error in binding to 'Avalonia.Animation.AnimatorKeyFrame'.'Value': 'Null value in expression '{empty}' at '$parent[ProgressBar, 0]'.'(AnimatorKeyFrame #8190559)
[Binding]Error in binding to 'Avalonia.Animation.AnimatorKeyFrame'.'Value': 'Null value in expression '{empty}' at '$parent[ProgressBar, 0]'.'(AnimatorKeyFrame #6606172)
[Binding]Error in binding to 'Avalonia.Animation.AnimatorKeyFrame'.'Value': 'Null value in expression '{empty}' at '$parent[ProgressBar, 0]'.'(AnimatorKeyFrame #59455556)
[Binding]Error in binding to 'Avalonia.Animation.AnimatorKeyFrame'.'Value': 'Null value in expression '{empty}' at '$parent[ProgressBar, 0]'.'(AnimatorKeyFrame #65337958)
[Binding]Error in binding to 'Avalonia.Animation.AnimatorKeyFrame'.'Value': 'Null value in expression '{empty}' at '$parent[ProgressBar, 0]'.'(AnimatorKeyFrame #51170717)
[Binding]Error in binding to 'Avalonia.Animation.AnimatorKeyFrame'.'Value': 'Null value in expression '{empty}' at '$parent[ProgressBar, 0]'.'(AnimatorKeyFrame #57883273)
[Binding]Error in binding to 'Avalonia.Animation.AnimatorKeyFrame'.'Value': 'Null value in expression '{empty}' at '$parent[ProgressBar, 0]'.'(AnimatorKeyFrame #51187411)
[Binding]Error in binding to 'Avalonia.Animation.AnimatorKeyFrame'.'Value': 'Null value in expression '{empty}' at '$parent[ProgressBar, 0]'.'(AnimatorKeyFrame #58033516)
[Binding]Error in binding to 'Avalonia.Animation.AnimatorKeyFrame'.'Value': 'Null value in expression '{empty}' at '$parent[ProgressBar, 0]'.'(AnimatorKeyFrame #52539597)
[Binding]Error in binding to 'Avalonia.Animation.AnimatorKeyFrame'.'Value': 'Null value in expression '{empty}' at '$parent[ProgressBar, 0]'.'(AnimatorKeyFrame #3094327)
[Binding]Error in binding to 'Avalonia.Animation.AnimatorKeyFrame'.'Value': 'Null value in expression '{empty}' at '$parent[ProgressBar, 0]'.'(AnimatorKeyFrame #27848947)
[Binding]Error in binding to 'Avalonia.Animation.AnimatorKeyFrame'.'Value': 'Null value in expression '{empty}' at '$parent[ProgressBar, 0]'.'(AnimatorKeyFrame #49313939)
[Binding]Error in binding to 'Avalonia.Animation.AnimatorKeyFrame'.'Value': 'Null value in expression '{empty}' at '$parent[ProgressBar, 0]'.'(AnimatorKeyFrame #41172271)
[Binding]Error in binding to 'Avalonia.Animation.AnimatorKeyFrame'.'Value': 'Null value in expression '{empty}' at '$parent[ProgressBar, 0]'.'(AnimatorKeyFrame #35006119)
[Binding]Error in binding to 'Avalonia.Animation.AnimatorKeyFrame'.'Value': 'Null value in expression '{empty}' at '$parent[ProgressBar, 0]'.'(AnimatorKeyFrame #46619622)
[Binding]Error in binding to 'Avalonia.Animation.AnimatorKeyFrame'.'Value': 'Null value in expression '{empty}' at '$parent[ProgressBar, 0]'.'(AnimatorKeyFrame #16923420)
[Binding]Error in binding to 'Avalonia.Animation.AnimatorKeyFrame'.'Value': 'Null value in expression '{empty}' at '$parent[ProgressBar, 0]'.'(AnimatorKeyFrame #18093058)
[Binding]Error in binding to 'Avalonia.Animation.AnimatorKeyFrame'.'Value': 'Null value in expression '{empty}' at '$parent[ProgressBar, 0]'.'(AnimatorKeyFrame #28619802)
[Binding]Error in binding to 'Avalonia.Animation.AnimatorKeyFrame'.'Value': 'Null value in expression '{empty}' at '$parent[ProgressBar, 0]'.'(AnimatorKeyFrame #56251627)
[Binding]Error in binding to 'Avalonia.Animation.AnimatorKeyFrame'.'Value': 'Null value in expression '{empty}' at '$parent[ProgressBar, 0]'.'(AnimatorKeyFrame #36502600)
[Binding]Error in binding to 'Avalonia.Animation.AnimatorKeyFrame'.'Value': 'Null value in expression '{empty}' at '$parent[ProgressBar, 0]'.'(AnimatorKeyFrame #60087944)
[Binding]Error in binding to 'Avalonia.Animation.AnimatorKeyFrame'.'Value': 'Null value in expression '{empty}' at '$parent[ProgressBar, 0]'.'(AnimatorKeyFrame #3920590)
[Binding]Error in binding to 'Avalonia.Animation.AnimatorKeyFrame'.'Value': 'Null value in expression '{empty}' at '$parent[ProgressBar, 0]'.'(AnimatorKeyFrame #35285314)
[Binding]Error in binding to 'Avalonia.Animation.AnimatorKeyFrame'.'Value': 'Null value in expression '{empty}' at '$parent[ProgressBar, 0]'.'(AnimatorKeyFrame #49132373)
[Binding]Error in binding to 'Avalonia.Animation.AnimatorKeyFrame'.'Value': 'Null value in expression '{empty}' at '$parent[ProgressBar, 0]'.'(AnimatorKeyFrame #39538176)
[Binding]Error in binding to 'Avalonia.Animation.AnimatorKeyFrame'.'Value': 'Null value in expression '{empty}' at '$parent[ProgressBar, 0]'.'(AnimatorKeyFrame #20299268)
[Binding]Error in binding to 'Avalonia.Animation.AnimatorKeyFrame'.'Value': 'Null value in expression '{empty}' at '$parent[ProgressBar, 0]'.'(AnimatorKeyFrame #48475691)
[Binding]Error in binding to 'Avalonia.Animation.AnimatorKeyFrame'.'Value': 'Null value in expression '{empty}' at '$parent[ProgressBar, 0]'.'(AnimatorKeyFrame #33628036)
[Binding]Error in binding to 'Avalonia.Animation.AnimatorKeyFrame'.'Value': 'Null value in expression '{empty}' at '$parent[ProgressBar, 0]'.'(AnimatorKeyFrame #34216874)
[Binding]Error in binding to 'Avalonia.Animation.AnimatorKeyFrame'.'Value': 'Null value in expression '{empty}' at '$parent[ProgressBar, 0]'.'(AnimatorKeyFrame #39516413)
[Binding]Error in binding to 'Avalonia.Animation.AnimatorKeyFrame'.'Value': 'Null value in expression '{empty}' at '$parent[ProgressBar, 0]'.'(AnimatorKeyFrame #20103398)
[Binding]Error in binding to 'Avalonia.Animation.AnimatorKeyFrame'.'Value': 'Null value in expression '{empty}' at '$parent[ProgressBar, 0]'.'(AnimatorKeyFrame #46712854)
[Binding]Error in binding to 'Avalonia.Animation.AnimatorKeyFrame'.'Value': 'Null value in expression '{empty}' at '$parent[ProgressBar, 0]'.'(AnimatorKeyFrame #17762502)
[Binding]Error in binding to 'Avalonia.Animation.AnimatorKeyFrame'.'Value': 'Null value in expression '{empty}' at '$parent[ProgressBar, 0]'.'(AnimatorKeyFrame #25644791)
[Binding]Error in binding to 'Avalonia.Animation.AnimatorKeyFrame'.'Value': 'Null value in expression '{empty}' at '$parent[ProgressBar, 0]'.'(AnimatorKeyFrame #29476530)
[Binding]Error in binding to 'Avalonia.Animation.AnimatorKeyFrame'.'Value': 'Null value in expression '{empty}' at '$parent[ProgressBar, 0]'.'(AnimatorKeyFrame #63962185)
[Binding]Error in binding to 'Avalonia.Animation.AnimatorKeyFrame'.'Value': 'Null value in expression '{empty}' at '$parent[ProgressBar, 0]'.'(AnimatorKeyFrame #38788755)
[Binding]Error in binding to 'Avalonia.Animation.AnimatorKeyFrame'.'Value': 'Null value in expression '{empty}' at '$parent[ProgressBar, 0]'.'(AnimatorKeyFrame #13554483)
[Binding]Error in binding to 'Avalonia.Animation.AnimatorKeyFrame'.'Value': 'Null value in expression '{empty}' at '$parent[ProgressBar, 0]'.'(AnimatorKeyFrame #54881489)
[Binding]Error in binding to 'Avalonia.Animation.AnimatorKeyFrame'.'Value': 'Null value in expression '{empty}' at '$parent[ProgressBar, 0]'.'(AnimatorKeyFrame #24171358)
[Binding]Error in binding to 'Avalonia.Animation.AnimatorKeyFrame'.'Value': 'Null value in expression '{empty}' at '$parent[ProgressBar, 0]'.'(AnimatorKeyFrame #16215635)
[Binding]Error in binding to 'Avalonia.Animation.AnimatorKeyFrame'.'Value': 'Null value in expression '{empty}' at '$parent[ProgressBar, 0]'.'(AnimatorKeyFrame #11722994)
[Binding]Error in binding to 'Avalonia.Animation.AnimatorKeyFrame'.'Value': 'Null value in expression '{empty}' at '$parent[ProgressBar, 0]'.'(AnimatorKeyFrame #38398082)
[Binding]Error in binding to 'Avalonia.Animation.AnimatorKeyFrame'.'Value': 'Null value in expression '{empty}' at '$parent[ProgressBar, 0]'.'(AnimatorKeyFrame #10038421)
[Binding]Error in binding to 'Avalonia.Animation.AnimatorKeyFrame'.'Value': 'Null value in expression '{empty}' at '$parent[ProgressBar, 0]'.'(AnimatorKeyFrame #23236933)
[Binding]Error in binding to 'Avalonia.Animation.AnimatorKeyFrame'.'Value': 'Null value in expression '{empty}' at '$parent[ProgressBar, 0]'.'(AnimatorKeyFrame #7805810)
[Binding]Error in binding to 'Avalonia.Animation.AnimatorKeyFrame'.'Value': 'Null value in expression '{empty}' at '$parent[ProgressBar, 0]'.'(AnimatorKeyFrame #3143429)
[Binding]Error in binding to 'Avalonia.Animation.AnimatorKeyFrame'.'Value': 'Null value in expression '{empty}' at '$parent[ProgressBar, 0]'.'(AnimatorKeyFrame #28290863)
